{"/Users/huldadanielacrisantoluna/Documents/ABIERTOS/alexis/proyecto/Proyecto-Final/server/src/router.ts": {"path":"/Users/huldadanielacrisantoluna/Documents/ABIERTOS/alexis/proyecto/Proyecto-Final/server/src/router.ts","statementMap":{"0":{"start":{"line":1,"column":0},"end":{"line":1,"column":33}},"1":{"start":{"line":2,"column":0},"end":{"line":2,"column":49}},"2":{"start":{"line":3,"column":0},"end":{"line":3,"column":48}},"3":{"start":{"line":4,"column":0},"end":{"line":4,"column":115}},"4":{"start":{"line":6,"column":15},"end":{"line":6,"column":23}},"5":{"start":{"line":50,"column":0},"end":{"line":50,"column":53}},"6":{"start":{"line":70,"column":0},"end":{"line":76,"column":2}},"7":{"start":{"line":74,"column":25},"end":{"line":74,"column":34}},"8":{"start":{"line":105,"column":0},"end":{"line":123,"column":2}},"9":{"start":{"line":166,"column":0},"end":{"line":188,"column":2}},"10":{"start":{"line":170,"column":25},"end":{"line":170,"column":34}},"11":{"start":{"line":240,"column":0},"end":{"line":246,"column":2}},"12":{"start":{"line":244,"column":25},"end":{"line":244,"column":34}},"13":{"start":{"line":271,"column":0},"end":{"line":277,"column":2}},"14":{"start":{"line":275,"column":25},"end":{"line":275,"column":34}},"15":{"start":{"line":302,"column":0},"end":{"line":302,"column":22}}},"fnMap":{"0":{"name":"(anonymous_0)","decl":{"start":{"line":74,"column":16},"end":{"line":74,"column":21}},"loc":{"start":{"line":74,"column":25},"end":{"line":74,"column":34}}},"1":{"name":"(anonymous_1)","decl":{"start":{"line":170,"column":16},"end":{"line":170,"column":21}},"loc":{"start":{"line":170,"column":25},"end":{"line":170,"column":34}}},"2":{"name":"(anonymous_2)","decl":{"start":{"line":244,"column":16},"end":{"line":244,"column":21}},"loc":{"start":{"line":244,"column":25},"end":{"line":244,"column":34}}},"3":{"name":"(anonymous_3)","decl":{"start":{"line":275,"column":16},"end":{"line":275,"column":21}},"loc":{"start":{"line":275,"column":25},"end":{"line":275,"column":34}}}},"branchMap":{},"s":{"0":2,"1":2,"2":2,"3":2,"4":2,"5":2,"6":2,"7":5,"8":2,"9":2,"10":6,"11":2,"12":5,"13":2,"14":4,"15":2},"f":{"0":5,"1":6,"2":5,"3":4},"b":{}}
,"/Users/huldadanielacrisantoluna/Documents/ABIERTOS/alexis/proyecto/Proyecto-Final/server/src/server.ts": {"path":"/Users/huldadanielacrisantoluna/Documents/ABIERTOS/alexis/proyecto/Proyecto-Final/server/src/server.ts","statementMap":{"0":{"start":{"line":8,"column":0},"end":{"line":8,"column":7}},"1":{"start":{"line":1,"column":0},"end":{"line":1,"column":30}},"2":{"start":{"line":2,"column":0},"end":{"line":2,"column":30}},"3":{"start":{"line":3,"column":0},"end":{"line":3,"column":29}},"4":{"start":{"line":4,"column":0},"end":{"line":4,"column":66}},"5":{"start":{"line":5,"column":0},"end":{"line":5,"column":54}},"6":{"start":{"line":6,"column":0},"end":{"line":6,"column":24}},"7":{"start":{"line":9,"column":4},"end":{"line":16,"column":5}},"8":{"start":{"line":10,"column":8},"end":{"line":10,"column":32}},"9":{"start":{"line":11,"column":8},"end":{"line":11,"column":18}},"10":{"start":{"line":12,"column":8},"end":{"line":12,"column":77}},"11":{"start":{"line":15,"column":8},"end":{"line":15,"column":62}},"12":{"start":{"line":19,"column":0},"end":{"line":19,"column":12}},"13":{"start":{"line":22,"column":15},"end":{"line":22,"column":24}},"14":{"start":{"line":25,"column":0},"end":{"line":29,"column":null}},"15":{"start":{"line":32,"column":0},"end":{"line":32,"column":27}},"16":{"start":{"line":34,"column":0},"end":{"line":34,"column":27}},"17":{"start":{"line":37,"column":0},"end":{"line":40,"column":null}},"18":{"start":{"line":42,"column":0},"end":{"line":42,"column":null}}},"fnMap":{"0":{"name":"connectDB","decl":{"start":{"line":8,"column":22},"end":{"line":8,"column":31}},"loc":{"start":{"line":8,"column":31},"end":{"line":17,"column":1}}}},"branchMap":{},"s":{"0":2,"1":2,"2":2,"3":2,"4":2,"5":2,"6":2,"7":3,"8":3,"9":2,"10":2,"11":1,"12":2,"13":2,"14":2,"15":2,"16":2,"17":2,"18":2},"f":{"0":3},"b":{}}
,"/Users/huldadanielacrisantoluna/Documents/ABIERTOS/alexis/proyecto/Proyecto-Final/server/src/config/db.ts": {"path":"/Users/huldadanielacrisantoluna/Documents/ABIERTOS/alexis/proyecto/Proyecto-Final/server/src/config/db.ts","statementMap":{"0":{"start":{"line":1,"column":0},"end":{"line":1,"column":49}},"1":{"start":{"line":2,"column":0},"end":{"line":2,"column":28}},"2":{"start":{"line":4,"column":0},"end":{"line":4,"column":16}},"3":{"start":{"line":6,"column":11},"end":{"line":8,"column":2}},"4":{"start":{"line":10,"column":0},"end":{"line":10,"column":18}}},"fnMap":{},"branchMap":{},"s":{"0":2,"1":2,"2":2,"3":2,"4":2},"f":{},"b":{}}
,"/Users/huldadanielacrisantoluna/Documents/ABIERTOS/alexis/proyecto/Proyecto-Final/server/src/config/swagger.ts": {"path":"/Users/huldadanielacrisantoluna/Documents/ABIERTOS/alexis/proyecto/Proyecto-Final/server/src/config/swagger.ts","statementMap":{"0":{"start":{"line":1,"column":0},"end":{"line":1,"column":41}},"1":{"start":{"line":4,"column":38},"end":{"line":24,"column":null}},"2":{"start":{"line":26,"column":21},"end":{"line":26,"column":42}},"3":{"start":{"line":28,"column":43},"end":{"line":40,"column":null}},"4":{"start":{"line":43,"column":9},"end":{"line":43,"column":25}},"5":{"start":{"line":42,"column":0},"end":{"line":42,"column":null}}},"fnMap":{},"branchMap":{},"s":{"0":2,"1":2,"2":2,"3":2,"4":2,"5":2},"f":{},"b":{}}
,"/Users/huldadanielacrisantoluna/Documents/ABIERTOS/alexis/proyecto/Proyecto-Final/server/src/handlers/book.ts": {"path":"/Users/huldadanielacrisantoluna/Documents/ABIERTOS/alexis/proyecto/Proyecto-Final/server/src/handlers/book.ts","statementMap":{"0":{"start":{"line":2,"column":0},"end":{"line":2,"column":37}},"1":{"start":{"line":4,"column":26},"end":{"line":16,"column":1}},"2":{"start":{"line":5,"column":4},"end":{"line":15,"column":5}},"3":{"start":{"line":6,"column":25},"end":{"line":6,"column":33}},"4":{"start":{"line":7,"column":8},"end":{"line":9,"column":9}},"5":{"start":{"line":8,"column":12},"end":{"line":8,"column":90}},"6":{"start":{"line":10,"column":21},"end":{"line":10,"column":48}},"7":{"start":{"line":11,"column":8},"end":{"line":11,"column":26}},"8":{"start":{"line":12,"column":8},"end":{"line":12,"column":45}},"9":{"start":{"line":14,"column":8},"end":{"line":14,"column":51}},"10":{"start":{"line":4,"column":13},"end":{"line":4,"column":26}},"11":{"start":{"line":18,"column":27},"end":{"line":29,"column":1}},"12":{"start":{"line":19,"column":4},"end":{"line":28,"column":5}},"13":{"start":{"line":20,"column":21},"end":{"line":24,"column":10}},"14":{"start":{"line":25,"column":8},"end":{"line":25,"column":45}},"15":{"start":{"line":27,"column":8},"end":{"line":27,"column":51}},"16":{"start":{"line":18,"column":13},"end":{"line":18,"column":27}},"17":{"start":{"line":31,"column":27},"end":{"line":42,"column":1}},"18":{"start":{"line":32,"column":4},"end":{"line":41,"column":5}},"19":{"start":{"line":33,"column":23},"end":{"line":33,"column":33}},"20":{"start":{"line":34,"column":21},"end":{"line":34,"column":44}},"21":{"start":{"line":35,"column":8},"end":{"line":37,"column":9}},"22":{"start":{"line":36,"column":12},"end":{"line":36,"column":73}},"23":{"start":{"line":38,"column":8},"end":{"line":38,"column":45}},"24":{"start":{"line":40,"column":8},"end":{"line":40,"column":56}},"25":{"start":{"line":31,"column":13},"end":{"line":31,"column":27}},"26":{"start":{"line":44,"column":26},"end":{"line":67,"column":1}},"27":{"start":{"line":45,"column":4},"end":{"line":66,"column":5}},"28":{"start":{"line":46,"column":23},"end":{"line":46,"column":33}},"29":{"start":{"line":47,"column":25},"end":{"line":47,"column":33}},"30":{"start":{"line":48,"column":21},"end":{"line":48,"column":44}},"31":{"start":{"line":49,"column":8},"end":{"line":51,"column":9}},"32":{"start":{"line":50,"column":12},"end":{"line":50,"column":73}},"33":{"start":{"line":52,"column":29},"end":{"line":52,"column":68}},"34":{"start":{"line":53,"column":8},"end":{"line":55,"column":9}},"35":{"start":{"line":54,"column":12},"end":{"line":54,"column":80}},"36":{"start":{"line":56,"column":8},"end":{"line":56,"column":36}},"37":{"start":{"line":57,"column":8},"end":{"line":57,"column":38}},"38":{"start":{"line":58,"column":8},"end":{"line":58,"column":34}},"39":{"start":{"line":59,"column":8},"end":{"line":59,"column":48}},"40":{"start":{"line":60,"column":8},"end":{"line":60,"column":56}},"41":{"start":{"line":61,"column":8},"end":{"line":61,"column":36}},"42":{"start":{"line":62,"column":8},"end":{"line":62,"column":26}},"43":{"start":{"line":63,"column":8},"end":{"line":63,"column":45}},"44":{"start":{"line":65,"column":8},"end":{"line":65,"column":52}},"45":{"start":{"line":44,"column":13},"end":{"line":44,"column":26}},"46":{"start":{"line":69,"column":26},"end":{"line":81,"column":1}},"47":{"start":{"line":70,"column":4},"end":{"line":80,"column":5}},"48":{"start":{"line":71,"column":23},"end":{"line":71,"column":33}},"49":{"start":{"line":72,"column":21},"end":{"line":72,"column":44}},"50":{"start":{"line":73,"column":8},"end":{"line":75,"column":9}},"51":{"start":{"line":74,"column":12},"end":{"line":74,"column":73}},"52":{"start":{"line":76,"column":8},"end":{"line":76,"column":29}},"53":{"start":{"line":77,"column":8},"end":{"line":77,"column":75}},"54":{"start":{"line":79,"column":8},"end":{"line":79,"column":50}},"55":{"start":{"line":69,"column":13},"end":{"line":69,"column":26}},"56":{"start":{"line":83,"column":34},"end":{"line":96,"column":1}},"57":{"start":{"line":84,"column":4},"end":{"line":95,"column":5}},"58":{"start":{"line":85,"column":23},"end":{"line":85,"column":33}},"59":{"start":{"line":86,"column":21},"end":{"line":86,"column":44}},"60":{"start":{"line":87,"column":8},"end":{"line":89,"column":9}},"61":{"start":{"line":88,"column":12},"end":{"line":88,"column":73}},"62":{"start":{"line":90,"column":8},"end":{"line":90,"column":52}},"63":{"start":{"line":91,"column":8},"end":{"line":91,"column":26}},"64":{"start":{"line":92,"column":8},"end":{"line":92,"column":45}},"65":{"start":{"line":94,"column":8},"end":{"line":94,"column":71}},"66":{"start":{"line":83,"column":13},"end":{"line":83,"column":34}}},"fnMap":{"0":{"name":"(anonymous_1)","decl":{"start":{"line":4,"column":26},"end":{"line":4,"column":31}},"loc":{"start":{"line":4,"column":64},"end":{"line":16,"column":1}}},"1":{"name":"(anonymous_2)","decl":{"start":{"line":18,"column":27},"end":{"line":18,"column":32}},"loc":{"start":{"line":18,"column":65},"end":{"line":29,"column":1}}},"2":{"name":"(anonymous_3)","decl":{"start":{"line":31,"column":27},"end":{"line":31,"column":32}},"loc":{"start":{"line":31,"column":65},"end":{"line":42,"column":1}}},"3":{"name":"(anonymous_4)","decl":{"start":{"line":44,"column":26},"end":{"line":44,"column":31}},"loc":{"start":{"line":44,"column":64},"end":{"line":67,"column":1}}},"4":{"name":"(anonymous_5)","decl":{"start":{"line":69,"column":26},"end":{"line":69,"column":31}},"loc":{"start":{"line":69,"column":64},"end":{"line":81,"column":1}}},"5":{"name":"(anonymous_6)","decl":{"start":{"line":83,"column":34},"end":{"line":83,"column":39}},"loc":{"start":{"line":83,"column":72},"end":{"line":96,"column":1}}}},"branchMap":{"0":{"loc":{"start":{"line":7,"column":8},"end":{"line":9,"column":9}},"type":"if","locations":[{"start":{"line":7,"column":8},"end":{"line":9,"column":9}},{"start":{},"end":{}}]},"1":{"loc":{"start":{"line":35,"column":8},"end":{"line":37,"column":9}},"type":"if","locations":[{"start":{"line":35,"column":8},"end":{"line":37,"column":9}},{"start":{},"end":{}}]},"2":{"loc":{"start":{"line":49,"column":8},"end":{"line":51,"column":9}},"type":"if","locations":[{"start":{"line":49,"column":8},"end":{"line":51,"column":9}},{"start":{},"end":{}}]},"3":{"loc":{"start":{"line":53,"column":8},"end":{"line":55,"column":9}},"type":"if","locations":[{"start":{"line":53,"column":8},"end":{"line":55,"column":9}},{"start":{},"end":{}}]},"4":{"loc":{"start":{"line":53,"column":12},"end":{"line":53,"column":55}},"type":"binary-expr","locations":[{"start":{"line":53,"column":12},"end":{"line":53,"column":24}},{"start":{"line":53,"column":28},"end":{"line":53,"column":55}}]},"5":{"loc":{"start":{"line":73,"column":8},"end":{"line":75,"column":9}},"type":"if","locations":[{"start":{"line":73,"column":8},"end":{"line":75,"column":9}},{"start":{},"end":{}}]},"6":{"loc":{"start":{"line":87,"column":8},"end":{"line":89,"column":9}},"type":"if","locations":[{"start":{"line":87,"column":8},"end":{"line":89,"column":9}},{"start":{},"end":{}}]}},"s":{"0":2,"1":2,"2":12,"3":12,"4":12,"5":1,"6":11,"7":10,"8":10,"9":1,"10":2,"11":2,"12":5,"13":5,"14":4,"15":1,"16":2,"17":2,"18":5,"19":5,"20":5,"21":4,"22":1,"23":3,"24":1,"25":2,"26":2,"27":4,"28":4,"29":4,"30":4,"31":3,"32":1,"33":2,"34":2,"35":1,"36":1,"37":1,"38":1,"39":1,"40":1,"41":1,"42":1,"43":1,"44":1,"45":2,"46":2,"47":3,"48":3,"49":3,"50":2,"51":1,"52":1,"53":1,"54":1,"55":2,"56":2,"57":4,"58":4,"59":4,"60":3,"61":1,"62":2,"63":2,"64":2,"65":1,"66":2},"f":{"0":12,"1":5,"2":5,"3":4,"4":3,"5":4},"b":{"0":[1,11],"1":[1,3],"2":[1,2],"3":[1,1],"4":[2,2],"5":[1,1],"6":[1,2]}}
,"/Users/huldadanielacrisantoluna/Documents/ABIERTOS/alexis/proyecto/Proyecto-Final/server/src/middleware/index.ts": {"path":"/Users/huldadanielacrisantoluna/Documents/ABIERTOS/alexis/proyecto/Proyecto-Final/server/src/middleware/index.ts","statementMap":{"0":{"start":{"line":1,"column":0},"end":{"line":1,"column":53}},"1":{"start":{"line":5,"column":33},"end":{"line":12,"column":1}},"2":{"start":{"line":6,"column":4},"end":{"line":6,"column":49}},"3":{"start":{"line":7,"column":17},"end":{"line":7,"column":38}},"4":{"start":{"line":8,"column":4},"end":{"line":10,"column":5}},"5":{"start":{"line":9,"column":8},"end":{"line":9,"column":64}},"6":{"start":{"line":11,"column":4},"end":{"line":11,"column":11}},"7":{"start":{"line":5,"column":13},"end":{"line":5,"column":33}}},"fnMap":{"0":{"name":"(anonymous_0)","decl":{"start":{"line":5,"column":33},"end":{"line":5,"column":34}},"loc":{"start":{"line":5,"column":85},"end":{"line":12,"column":1}}}},"branchMap":{"0":{"loc":{"start":{"line":8,"column":4},"end":{"line":10,"column":5}},"type":"if","locations":[{"start":{"line":8,"column":4},"end":{"line":10,"column":5}},{"start":{},"end":{}}]}},"s":{"0":2,"1":2,"2":37,"3":37,"4":37,"5":10,"6":27,"7":2},"f":{"0":37},"b":{"0":[10,27]}}
,"/Users/huldadanielacrisantoluna/Documents/ABIERTOS/alexis/proyecto/Proyecto-Final/server/src/models/Book.mo.ts": {"path":"/Users/huldadanielacrisantoluna/Documents/ABIERTOS/alexis/proyecto/Proyecto-Final/server/src/models/Book.mo.ts","statementMap":{"0":{"start":{"line":1,"column":0},"end":{"line":1,"column":90}},"1":{"start":{"line":6,"column":0},"end":{"line":69,"column":null}},"2":{"start":{"line":12,"column":12},"end":{"line":12,"column":null}},"3":{"start":{"line":18,"column":12},"end":{"line":18,"column":null}},"4":{"start":{"line":24,"column":12},"end":{"line":24,"column":null}},"5":{"start":{"line":35,"column":12},"end":{"line":35,"column":null}},"6":{"start":{"line":44,"column":12},"end":{"line":44,"column":null}},"7":{"start":{"line":53,"column":12},"end":{"line":53,"column":null}},"8":{"start":{"line":60,"column":12},"end":{"line":60,"column":null}},"9":{"start":{"line":68,"column":12},"end":{"line":68,"column":null}},"10":{"start":{"line":6,"column":6},"end":{"line":69,"column":null}},"11":{"start":{"line":71,"column":0},"end":{"line":71,"column":20}}},"fnMap":{},"branchMap":{},"s":{"0":3,"1":3,"2":3,"3":3,"4":3,"5":3,"6":3,"7":3,"8":3,"9":3,"10":3,"11":3},"f":{},"b":{}}
}
