TN:
SF:src/router.ts
FN:74,(anonymous_0)
FN:170,(anonymous_1)
FN:244,(anonymous_2)
FN:275,(anonymous_3)
FNF:4
FNH:4
FNDA:5,(anonymous_0)
FNDA:6,(anonymous_1)
FNDA:5,(anonymous_2)
FNDA:4,(anonymous_3)
DA:1,2
DA:2,2
DA:3,2
DA:4,2
DA:6,2
DA:50,2
DA:70,2
DA:74,5
DA:105,2
DA:166,2
DA:170,6
DA:240,2
DA:244,5
DA:271,2
DA:275,4
DA:302,2
LF:16
LH:16
BRF:0
BRH:0
end_of_record
TN:
SF:src/server.ts
FN:8,connectDB
FNF:1
FNH:1
FNDA:3,connectDB
DA:1,2
DA:2,2
DA:3,2
DA:4,2
DA:5,2
DA:6,2
DA:8,2
DA:9,3
DA:10,3
DA:11,2
DA:12,2
DA:15,1
DA:19,2
DA:22,2
DA:25,2
DA:32,2
DA:34,2
DA:37,2
DA:42,2
LF:19
LH:19
BRF:0
BRH:0
end_of_record
TN:
SF:src/config/db.ts
FNF:0
FNH:0
DA:1,2
DA:2,2
DA:4,2
DA:6,2
DA:10,2
LF:5
LH:5
BRF:0
BRH:0
end_of_record
TN:
SF:src/config/swagger.ts
FNF:0
FNH:0
DA:1,2
DA:4,2
DA:26,2
DA:28,2
DA:42,2
DA:43,2
LF:6
LH:6
BRF:0
BRH:0
end_of_record
TN:
SF:src/handlers/book.ts
FN:4,(anonymous_1)
FN:18,(anonymous_2)
FN:31,(anonymous_3)
FN:44,(anonymous_4)
FN:69,(anonymous_5)
FN:83,(anonymous_6)
FNF:6
FNH:6
FNDA:12,(anonymous_1)
FNDA:5,(anonymous_2)
FNDA:5,(anonymous_3)
FNDA:4,(anonymous_4)
FNDA:3,(anonymous_5)
FNDA:4,(anonymous_6)
DA:2,2
DA:4,2
DA:5,12
DA:6,12
DA:7,12
DA:8,1
DA:10,11
DA:11,10
DA:12,10
DA:14,1
DA:18,2
DA:19,5
DA:20,5
DA:25,4
DA:27,1
DA:31,2
DA:32,5
DA:33,5
DA:34,5
DA:35,4
DA:36,1
DA:38,3
DA:40,1
DA:44,2
DA:45,4
DA:46,4
DA:47,4
DA:48,4
DA:49,3
DA:50,1
DA:52,2
DA:53,2
DA:54,1
DA:56,1
DA:57,1
DA:58,1
DA:59,1
DA:60,1
DA:61,1
DA:62,1
DA:63,1
DA:65,1
DA:69,2
DA:70,3
DA:71,3
DA:72,3
DA:73,2
DA:74,1
DA:76,1
DA:77,1
DA:79,1
DA:83,2
DA:84,4
DA:85,4
DA:86,4
DA:87,3
DA:88,1
DA:90,2
DA:91,2
DA:92,2
DA:94,1
LF:61
LH:61
BRDA:7,0,0,1
BRDA:7,0,1,11
BRDA:35,1,0,1
BRDA:35,1,1,3
BRDA:49,2,0,1
BRDA:49,2,1,2
BRDA:53,3,0,1
BRDA:53,3,1,1
BRDA:53,4,0,2
BRDA:53,4,1,2
BRDA:73,5,0,1
BRDA:73,5,1,1
BRDA:87,6,0,1
BRDA:87,6,1,2
BRF:14
BRH:14
end_of_record
TN:
SF:src/middleware/index.ts
FN:5,(anonymous_0)
FNF:1
FNH:1
FNDA:37,(anonymous_0)
DA:1,2
DA:5,2
DA:6,37
DA:7,37
DA:8,37
DA:9,10
DA:11,27
LF:7
LH:7
BRDA:8,0,0,10
BRDA:8,0,1,27
BRF:2
BRH:2
end_of_record
TN:
SF:src/models/Book.mo.ts
FNF:0
FNH:0
DA:1,3
DA:6,3
DA:12,3
DA:18,3
DA:24,3
DA:35,3
DA:44,3
DA:53,3
DA:60,3
DA:68,3
DA:71,3
LF:11
LH:11
BRF:0
BRH:0
end_of_record
